<?xml version="1.0" encoding="UTF-8" ?>
<testsuite tests="1" failures="1" name="project_read.routine_0_1.tamp_0_1.tampTest" time="0.215" errors="0" skipped="0">
  <properties>
    <property name="java.runtime.name" value="Java(TM) SE Runtime Environment"/>
    <property name="sun.boot.library.path" value="C:\Program Files\Java\jre1.8.0_161\bin"/>
    <property name="java.vm.version" value="25.161-b12"/>
    <property name="java.vm.vendor" value="Oracle Corporation"/>
    <property name="java.vendor.url" value="http://java.oracle.com/"/>
    <property name="path.separator" value=";"/>
    <property name="guice.disable.misplaced.annotation.check" value="true"/>
    <property name="java.vm.name" value="Java HotSpot(TM) 64-Bit Server VM"/>
    <property name="file.encoding.pkg" value="sun.io"/>
    <property name="user.script" value=""/>
    <property name="user.country" value="IN"/>
    <property name="sun.java.launcher" value="SUN_STANDARD"/>
    <property name="sun.os.patch.level" value=""/>
    <property name="java.vm.specification.name" value="Java Virtual Machine Specification"/>
    <property name="user.dir" value="C:\Users\Venu\workspace\.Java"/>
    <property name="java.runtime.version" value="1.8.0_161-b12"/>
    <property name="java.awt.graphicsenv" value="sun.awt.Win32GraphicsEnvironment"/>
    <property name="java.endorsed.dirs" value="C:\Program Files\Java\jre1.8.0_161\lib\endorsed"/>
    <property name="os.arch" value="amd64"/>
    <property name="java.io.tmpdir" value="C:\Users\Venu\AppData\Local\Temp\"/>
    <property name="line.separator" value="
"/>
    <property name="java.vm.specification.vendor" value="Oracle Corporation"/>
    <property name="user.variant" value=""/>
    <property name="os.name" value="Windows 10"/>
    <property name="classworlds.conf" value="C:\Users\Venu\workspace\.metadata\.plugins\org.eclipse.m2e.launching\launches\m2conf8569327875484818700.tmp"/>
    <property name="sun.jnu.encoding" value="Cp1252"/>
    <property name="java.library.path" value="C:\Program Files\Java\jre1.8.0_161\bin;C:\WINDOWS\Sun\Java\bin;C:\WINDOWS\system32;C:\WINDOWS;C:/Program Files/Java/jre1.8.0_161/bin/server;C:/Program Files/Java/jre1.8.0_161/bin;C:/Program Files/Java/jre1.8.0_161/lib/amd64;C:\oraclexe\app\oracle\product\11.2.0\server\bin;;C:\ProgramData\Oracle\Java\javapath;C:\Windows\system32;C:\Windows;C:\Windows\System32\Wbem;C:\Windows\System32\WindowsPowerShell\v1.0\;C:\Program Files (x86)\NVIDIA Corporation\PhysX\Common;C:\WINDOWS\system32;C:\WINDOWS;C:\WINDOWS\System32\Wbem;C:\WINDOWS\System32\WindowsPowerShell\v1.0\;C:\Users\Venu\AppData\Local\Microsoft\WindowsApps;;C:\Talend\6.5.1\studio;;."/>
    <property name="java.specification.name" value="Java Platform API Specification"/>
    <property name="java.class.version" value="52.0"/>
    <property name="sun.management.compiler" value="HotSpot 64-Bit Tiered Compilers"/>
    <property name="os.version" value="10.0"/>
    <property name="user.home" value="C:\Users\Venu"/>
    <property name="user.timezone" value="Asia/Calcutta"/>
    <property name="java.awt.printerjob" value="sun.awt.windows.WPrinterJob"/>
    <property name="java.specification.version" value="1.8"/>
    <property name="file.encoding" value="UTF-8"/>
    <property name="user.name" value="Venu"/>
    <property name="java.class.path" value="/C:/Talend/6.5.1/studio/plugins/org.eclipse.m2e.maven.runtime_1.5.0.20140605-2032/jars/plexus-classworlds-2.5.1.jar"/>
    <property name="org.slf4j.simpleLogger.defaultLogLevel" value="info"/>
    <property name="java.vm.specification.version" value="1.8"/>
    <property name="sun.arch.data.model" value="64"/>
    <property name="java.home" value="C:\Program Files\Java\jre1.8.0_161"/>
    <property name="sun.java.command" value="org.codehaus.plexus.classworlds.launcher.Launcher -B -o -s C:\Talend\6.5.1\studio\configuration\maven_user_settings.xml test -l C:/Users/Venu/workspace/.Java/lastGenerated.log"/>
    <property name="java.specification.vendor" value="Oracle Corporation"/>
    <property name="user.language" value="en"/>
    <property name="awt.toolkit" value="sun.awt.windows.WToolkit"/>
    <property name="java.vm.info" value="mixed mode"/>
    <property name="java.version" value="1.8.0_161"/>
    <property name="java.ext.dirs" value="C:\Program Files\Java\jre1.8.0_161\lib\ext;C:\WINDOWS\Sun\Java\lib\ext"/>
    <property name="sun.boot.class.path" value="C:\Program Files\Java\jre1.8.0_161\lib\resources.jar;C:\Program Files\Java\jre1.8.0_161\lib\rt.jar;C:\Program Files\Java\jre1.8.0_161\lib\sunrsasign.jar;C:\Program Files\Java\jre1.8.0_161\lib\jsse.jar;C:\Program Files\Java\jre1.8.0_161\lib\jce.jar;C:\Program Files\Java\jre1.8.0_161\lib\charsets.jar;C:\Program Files\Java\jre1.8.0_161\lib\jfr.jar;C:\Program Files\Java\jre1.8.0_161\classes"/>
    <property name="java.vendor" value="Oracle Corporation"/>
    <property name="maven.home" value="C:\Users\Venu\workspace\.Java\EMBEDDED"/>
    <property name="file.separator" value="\"/>
    <property name="java.vendor.url.bug" value="http://bugreport.sun.com/bugreport/"/>
    <property name="sun.cpu.endian" value="little"/>
    <property name="sun.io.unicode.encoding" value="UnicodeLittle"/>
    <property name="sun.desktop" value="windows"/>
    <property name="sun.cpu.isalist" value="amd64"/>
  </properties>
  <testcase classname="project_read.routine_0_1.tamp_0_1.tampTest" name="project_read.routine_0_1.tamp_0_1.tampTest.testDefault" time="0.215">
    <failure type="java.io.FileNotFoundException:">java.io.FileNotFoundException: 
	at java.io.FileInputStream.open0(Native Method)
	at java.io.FileInputStream.open(Unknown Source)
	at java.io.FileInputStream.&lt;init&gt;(Unknown Source)
	at java.io.FileInputStream.&lt;init&gt;(Unknown Source)
	at project_read.routine_0_1.tamp_0_1.tampTest.tFileCompare_1Process(tampTest.java:1756)
	at project_read.routine_0_1.tamp_0_1.tampTest.tFileInputDelimited_1Process(tampTest.java:1587)
	at project_read.routine_0_1.tamp_0_1.tampTest.tCreateTemporaryFile_1Process(tampTest.java:519)
	at project_read.routine_0_1.tamp_0_1.tampTest.runJobInTOS(tampTest.java:2249)
	at project_read.routine_0_1.tamp_0_1.tampTest.testDefault(tampTest.java:2078)
</failure>
    <system-out>[FATAL]: project_read.routine_0_1.tamp_0_1.tampTest - tFileCompare_1 
java.io.FileNotFoundException: 
	at java.io.FileInputStream.open0(Native Method)
	at java.io.FileInputStream.open(Unknown Source)
	at java.io.FileInputStream.&lt;init&gt;(Unknown Source)
	at java.io.FileInputStream.&lt;init&gt;(Unknown Source)
	at project_read.routine_0_1.tamp_0_1.tampTest.tFileCompare_1Process(tampTest.java:1756)
	at project_read.routine_0_1.tamp_0_1.tampTest.tFileInputDelimited_1Process(tampTest.java:1587)
	at project_read.routine_0_1.tamp_0_1.tampTest.tCreateTemporaryFile_1Process(tampTest.java:519)
	at project_read.routine_0_1.tamp_0_1.tampTest.runJobInTOS(tampTest.java:2249)
	at project_read.routine_0_1.tamp_0_1.tampTest.testDefault(tampTest.java:2078)
	at sun.reflect.NativeMethodAccessorImpl.invoke0(Native Method)
	at sun.reflect.NativeMethodAccessorImpl.invoke(Unknown Source)
	at sun.reflect.DelegatingMethodAccessorImpl.invoke(Unknown Source)
	at java.lang.reflect.Method.invoke(Unknown Source)
	at org.apache.maven.surefire.junit.PojoTestSet.executeTestMethod(PojoTestSet.java:151)
	at org.apache.maven.surefire.junit.PojoTestSet.executeTestMethods(PojoTestSet.java:102)
	at org.apache.maven.surefire.junit.PojoTestSet.execute(PojoTestSet.java:83)
	at org.apache.maven.surefire.junit.JUnit3Provider.executeTestSet(JUnit3Provider.java:121)
	at org.apache.maven.surefire.junit.JUnit3Provider.invoke(JUnit3Provider.java:98)
	at sun.reflect.NativeMethodAccessorImpl.invoke0(Native Method)
	at sun.reflect.NativeMethodAccessorImpl.invoke(Unknown Source)
	at sun.reflect.DelegatingMethodAccessorImpl.invoke(Unknown Source)
	at java.lang.reflect.Method.invoke(Unknown Source)
	at org.apache.maven.surefire.util.ReflectionUtils.invokeMethodWithArray(ReflectionUtils.java:189)
	at org.apache.maven.surefire.booter.ProviderFactory$ProviderProxy.invoke(ProviderFactory.java:165)
	at org.apache.maven.surefire.booter.ProviderFactory.invokeProvider(ProviderFactory.java:85)
	at org.apache.maven.surefire.booter.ForkedBooter.runSuitesInProcess(ForkedBooter.java:115)
	at org.apache.maven.surefire.booter.ForkedBooter.main(ForkedBooter.java:75)
</system-out>
    <system-err>Exception in component tFileCompare_1 (tamp)
java.io.FileNotFoundException: 
	at java.io.FileInputStream.open0(Native Method)
	at java.io.FileInputStream.open(Unknown Source)
	at java.io.FileInputStream.&lt;init&gt;(Unknown Source)
	at java.io.FileInputStream.&lt;init&gt;(Unknown Source)
	at project_read.routine_0_1.tamp_0_1.tampTest.tFileCompare_1Process(tampTest.java:1756)
	at project_read.routine_0_1.tamp_0_1.tampTest.tFileInputDelimited_1Process(tampTest.java:1587)
	at project_read.routine_0_1.tamp_0_1.tampTest.tCreateTemporaryFile_1Process(tampTest.java:519)
	at project_read.routine_0_1.tamp_0_1.tampTest.runJobInTOS(tampTest.java:2249)
	at project_read.routine_0_1.tamp_0_1.tampTest.testDefault(tampTest.java:2078)
	at sun.reflect.NativeMethodAccessorImpl.invoke0(Native Method)
	at sun.reflect.NativeMethodAccessorImpl.invoke(Unknown Source)
	at sun.reflect.DelegatingMethodAccessorImpl.invoke(Unknown Source)
	at java.lang.reflect.Method.invoke(Unknown Source)
	at org.apache.maven.surefire.junit.PojoTestSet.executeTestMethod(PojoTestSet.java:151)
	at org.apache.maven.surefire.junit.PojoTestSet.executeTestMethods(PojoTestSet.java:102)
	at org.apache.maven.surefire.junit.PojoTestSet.execute(PojoTestSet.java:83)
	at org.apache.maven.surefire.junit.JUnit3Provider.executeTestSet(JUnit3Provider.java:121)
	at org.apache.maven.surefire.junit.JUnit3Provider.invoke(JUnit3Provider.java:98)
	at sun.reflect.NativeMethodAccessorImpl.invoke0(Native Method)
	at sun.reflect.NativeMethodAccessorImpl.invoke(Unknown Source)
	at sun.reflect.DelegatingMethodAccessorImpl.invoke(Unknown Source)
	at java.lang.reflect.Method.invoke(Unknown Source)
	at org.apache.maven.surefire.util.ReflectionUtils.invokeMethodWithArray(ReflectionUtils.java:189)
	at org.apache.maven.surefire.booter.ProviderFactory$ProviderProxy.invoke(ProviderFactory.java:165)
	at org.apache.maven.surefire.booter.ProviderFactory.invokeProvider(ProviderFactory.java:85)
	at org.apache.maven.surefire.booter.ForkedBooter.runSuitesInProcess(ForkedBooter.java:115)
	at org.apache.maven.surefire.booter.ForkedBooter.main(ForkedBooter.java:75)
</system-err>
  </testcase>
</testsuite>